<?xml version="1.0" encoding="UTF-8"?>
<testng-results skipped="0" failed="0" ignored="0" total="2" passed="2">
  <reporter-output>
  </reporter-output>
  <suite name="com.nemo.qa.testcases.LoginTest" duration-ms="30860" started-at="2018-07-17T07:16:14Z" finished-at="2018-07-17T07:16:45Z">
    <groups>
    </groups>
    <test name="Command line test" duration-ms="30860" started-at="2018-07-17T07:16:14Z" finished-at="2018-07-17T07:16:45Z">
      <class name="com.nemo.qa.testcases.LoginTest">
        <test-method status="PASS" signature="setup()[pri:0, instance:com.nemo.qa.testcases.LoginTest@735f7ae5]" name="setup" is-config="true" duration-ms="10560" started-at="2018-07-17T12:46:14Z" finished-at="2018-07-17T12:46:24Z">
          <reporter-output>
          </reporter-output>
        </test-method> <!-- setup -->
        <test-method status="PASS" signature="validatelogintitle()[pri:1, instance:com.nemo.qa.testcases.LoginTest@735f7ae5]" name="validatelogintitle" duration-ms="45" started-at="2018-07-17T12:46:24Z" finished-at="2018-07-17T12:46:24Z">
          <reporter-output>
          </reporter-output>
        </test-method> <!-- validatelogintitle -->
        <test-method status="PASS" signature="teardown()[pri:0, instance:com.nemo.qa.testcases.LoginTest@735f7ae5]" name="teardown" is-config="true" duration-ms="93" started-at="2018-07-17T12:46:24Z" finished-at="2018-07-17T12:46:24Z">
          <reporter-output>
          </reporter-output>
        </test-method> <!-- teardown -->
        <test-method status="PASS" signature="setup()[pri:0, instance:com.nemo.qa.testcases.LoginTest@735f7ae5]" name="setup" is-config="true" duration-ms="11637" started-at="2018-07-17T12:46:24Z" finished-at="2018-07-17T12:46:36Z">
          <reporter-output>
          </reporter-output>
        </test-method> <!-- setup -->
        <test-method status="PASS" signature="login()[pri:2, instance:com.nemo.qa.testcases.LoginTest@735f7ae5]" name="login" duration-ms="8401" started-at="2018-07-17T12:46:36Z" finished-at="2018-07-17T12:46:45Z">
          <reporter-output>
          </reporter-output>
        </test-method> <!-- login -->
        <test-method status="PASS" signature="teardown()[pri:0, instance:com.nemo.qa.testcases.LoginTest@735f7ae5]" name="teardown" is-config="true" duration-ms="105" started-at="2018-07-17T12:46:45Z" finished-at="2018-07-17T12:46:45Z">
          <reporter-output>
          </reporter-output>
        </test-method> <!-- teardown -->
      </class> <!-- com.nemo.qa.testcases.LoginTest -->
    </test> <!-- Command line test -->
  </suite> <!-- com.nemo.qa.testcases.LoginTest -->
</testng-results>
